<?xml version="1.0" encoding="UTF-8" ?>
<testsuite tests="20" failures="0" name="org.runnerClass.RunnerClass" time="17.267" errors="0" skipped="0">
  <properties>
    <property name="java.runtime.name" value="Java(TM) SE Runtime Environment"/>
    <property name="java.vm.version" value="17.0.8+9-LTS-211"/>
    <property name="sun.boot.library.path" value="C:\Program Files\Java\jdk-17\bin"/>
    <property name="maven.multiModuleProjectDirectory" value="C:\Users\VDI022\eclipse-workspace\RestAPI"/>
    <property name="java.vm.vendor" value="Oracle Corporation"/>
    <property name="java.vendor.url" value="https://java.oracle.com/"/>
    <property name="guice.disable.misplaced.annotation.check" value="true"/>
    <property name="path.separator" value=";"/>
    <property name="java.vm.name" value="Java HotSpot(TM) 64-Bit Server VM"/>
    <property name="sun.os.patch.level" value=""/>
    <property name="user.script" value=""/>
    <property name="user.country" value="IN"/>
    <property name="sun.java.launcher" value="SUN_STANDARD"/>
    <property name="test" value="RunnerClass"/>
    <property name="java.vm.specification.name" value="Java Virtual Machine Specification"/>
    <property name="user.dir" value="C:\Users\VDI022\eclipse-workspace\RestAPI"/>
    <property name="java.vm.compressedOopsMode" value="32-bit"/>
    <property name="java.runtime.version" value="17.0.8+9-LTS-211"/>
    <property name="os.arch" value="amd64"/>
    <property name="java.io.tmpdir" value="C:\Users\VDI022\AppData\Local\Temp\"/>
    <property name="line.separator" value="
"/>
    <property name="java.vm.specification.vendor" value="Oracle Corporation"/>
    <property name="user.variant" value=""/>
    <property name="os.name" value="Windows 10"/>
    <property name="classworlds.conf" value="C:\Program Files\apache-maven-3.9.5\bin\m2.conf"/>
    <property name="sun.jnu.encoding" value="Cp1252"/>
    <property name="java.library.path" value="C:\Program Files\Java\jdk-17\bin;C:\WINDOWS\Sun\Java\bin;C:\WINDOWS\system32;C:\WINDOWS;C:\Program Files\Common Files\Oracle\Java\javapath;C:\Program Files (x86)\TRICENTIS\Tosca Testsuite\ToscaCommander;C:\Program Files (x86)\TRICENTIS\Tosca Testsuite\Classic;C:\Program Files (x86)\TRICENTIS\Tosca Testsuite\Classic\dll;C:\Program Files (x86)\TRICENTIS\Tosca Testsuite\Classic\dll\GuptaEngine;C:\Program Files (x86)\TRICENTIS\Tosca Testsuite\ToscaCommander;C:\Program Files (x86)\TRICENTIS\Tosca Testsuite\Classic\dll\DelphiEngine;C:\Program Files (x86)\TRICENTIS\Tosca Testsuite\Classic\dll\PBEngine;C:\Program Files (x86)\TRICENTIS\Tosca Testsuite\Classic\dll\VBEngine;C:\Program Files (x86)\TRICENTIS\Tosca Testsuite\Classic\dll\DotNetHooking;C:\Program Files\Java\jdk-17\bin;;C:\Program Files (x86)\Common Files\Oracle\Java\javapath;C:\WINDOWS\system32;C:\WINDOWS;C:\WINDOWS\System32\Wbem;C:\WINDOWS\System32\WindowsPowerShell\v1.0\;C:\WINDOWS\System32\OpenSSH\;C:\Program Files\Git\cmd;C:\Program Files\nodejs\;C:\Program Files\Java\jdk-17\bin;C:\Program Files\apache-maven-3.9.5\bin;C:\Users\VDI022\AppData\Local\Microsoft\WindowsApps;;C:\Users\VDI022\AppData\Local\Programs\Microsoft VS Code\bin;C:\Users\VDI022\AppData\Roaming\npm;."/>
    <property name="maven.conf" value="C:\Program Files\apache-maven-3.9.5/conf"/>
    <property name="jdk.debug" value="release"/>
    <property name="java.class.version" value="61.0"/>
    <property name="java.specification.name" value="Java Platform API Specification"/>
    <property name="sun.management.compiler" value="HotSpot 64-Bit Tiered Compilers"/>
    <property name="os.version" value="10.0"/>
    <property name="library.jansi.path" value="C:\Program Files\apache-maven-3.9.5\lib\jansi-native"/>
    <property name="user.home" value="C:\Users\VDI022"/>
    <property name="user.timezone" value="Asia/Calcutta"/>
    <property name="file.encoding" value="Cp1252"/>
    <property name="java.specification.version" value="17"/>
    <property name="user.name" value="VDI022"/>
    <property name="java.class.path" value="C:\Program Files\apache-maven-3.9.5\boot\plexus-classworlds-2.7.0.jar"/>
    <property name="java.vm.specification.version" value="17"/>
    <property name="sun.arch.data.model" value="64"/>
    <property name="sun.java.command" value="org.codehaus.plexus.classworlds.launcher.Launcher test -Dtest=RunnerClass"/>
    <property name="java.home" value="C:\Program Files\Java\jdk-17"/>
    <property name="user.language" value="en"/>
    <property name="java.specification.vendor" value="Oracle Corporation"/>
    <property name="java.vm.info" value="mixed mode, sharing"/>
    <property name="java.version" value="17.0.8"/>
    <property name="native.encoding" value="Cp1252"/>
    <property name="java.vendor" value="Oracle Corporation"/>
    <property name="sun.stderr.encoding" value="cp437"/>
    <property name="maven.home" value="C:\Program Files\apache-maven-3.9.5"/>
    <property name="file.separator" value="\"/>
    <property name="java.version.date" value="2023-07-18"/>
    <property name="java.vendor.url.bug" value="https://bugreport.java.com/bugreport/"/>
    <property name="sun.io.unicode.encoding" value="UnicodeLittle"/>
    <property name="sun.cpu.endian" value="little"/>
    <property name="sun.stdout.encoding" value="cp437"/>
    <property name="sun.cpu.isalist" value="amd64"/>
  </properties>
  <testcase classname="Verifying the git data page" name="Verify the git data details #1" time="4.849"/>
  <testcase classname="Verifying the git data page" name="Verify the git data details #2" time="1.701"/>
  <testcase classname="Verifying the git data page" name="Verify the git data details #3" time="0.489"/>
  <testcase classname="Verifying the git data page" name="Verify the git data details #4" time="0.491"/>
  <testcase classname="Verifying the git data page" name="Verify the git data details #5" time="0.493"/>
  <testcase classname="Verifying the git data page" name="Verify the git create details #1" time="1.16"/>
  <testcase classname="Verifying the git data page" name="Verify the git create details #2" time="0.431"/>
  <testcase classname="Verifying the git data page" name="Verify the git create details #3" time="0.448"/>
  <testcase classname="Verifying the git data page" name="Verify the git create details #4" time="0.482"/>
  <testcase classname="Verifying the git data page" name="Verify the git create details #5" time="0.454"/>
  <testcase classname="Verifying the git data page" name="Verify the git create details #6" time="0.492"/>
  <testcase classname="Verifying the git data page" name="Verify the git create details #7" time="0.45"/>
  <testcase classname="Verifying the git data page" name="Verify the patch create details #1" time="0.806"/>
  <testcase classname="Verifying the git data page" name="Verify the patch create details #2" time="0.453"/>
  <testcase classname="Verifying the git data page" name="Verify the patch create details #3" time="0.49"/>
  <testcase classname="Verifying the git data page" name="Verify the patch create details #4" time="0.486"/>
  <testcase classname="Verifying the git data page" name="Verify the patch create details #5" time="0.467"/>
  <testcase classname="Verifying the git data page" name="Verify the patch create details #6" time="0.457"/>
  <testcase classname="Verifying the git data page" name="Verify the delete create details" time="0.555"/>
  <testcase classname="Verifying the git data page" name="Verify the delete details" time="0.362"/>
</testsuite>